2025-08-15T01:03:03.522012+0500 | INFO | Запуск бота...
2025-08-15T01:03:03.651054+0500 | INFO | База данных инициализирована
2025-08-15T01:03:03.678372+0500 | INFO | Crypto Pay API инициализирован
2025-08-15T01:03:03.733825+0500 | INFO | Бот запущен
2025-08-15T01:03:03.737689+0500 | INFO | Запуск планировщика подписок
2025-08-15T01:03:07.190172+0500 | ERROR | Ошибка при работе бота: Telegram server says - Unauthorized
2025-08-15T01:03:07.194956+0500 | INFO | Бот остановлен
2025-08-15T01:04:24.680867+0500 | INFO | Запуск бота...
2025-08-15T01:04:24.735197+0500 | INFO | База данных инициализирована
2025-08-15T01:04:24.765902+0500 | INFO | Crypto Pay API инициализирован
2025-08-15T01:04:24.844716+0500 | INFO | Бот запущен
2025-08-15T01:04:24.848626+0500 | INFO | Запуск планировщика подписок
2025-08-15T01:04:50.657917+0500 | ERROR | Ошибка при отправке уведомления о регистрации: Telegram server says - Bad Request: chat not found
2025-08-15T01:04:50.666494+0500 | INFO | Зарегистрирован новый пользователь: 8048607498
2025-08-15T01:04:51.554498+0500 | INFO | Отправлено стартовое сообщение пользователю: 8048607498
2025-08-15T01:04:59.433314+0500 | INFO | Открыт личный кабинет пользователем: 7728979357
2025-08-15T01:05:07.544781+0500 | ERROR | Ошибка при отправке уведомления о регистрации: Telegram server says - Bad Request: chat not found
2025-08-15T01:05:07.572160+0500 | INFO | Зарегистрирован новый пользователь: 7728979357
2025-08-15T01:05:08.273399+0500 | INFO | Отправлено стартовое сообщение пользователю: 7728979357
2025-08-15T01:05:08.274612+0500 | INFO | Возврат в главное меню из личного кабинета пользователем: 8048607498
2025-08-15T01:05:41.366534+0500 | INFO | Открыта админ-панель пользователем: 8048607498
2025-08-15T01:07:16.125020+0500 | INFO | Возврат в админ-панель пользователем: 8048607498
2025-08-15T01:08:04.549061+0500 | INFO | Возврат в админ-панель пользователем: 8048607498
2025-08-15T01:08:11.332888+0500 | INFO | Возврат в админ-панель пользователем: 8048607498
2025-08-15T01:08:22.484462+0500 | INFO | Возврат в админ-панель пользователем: 8048607498
2025-08-15T01:09:07.831800+0500 | INFO | Отправлено стартовое сообщение пользователю: 7728979357
2025-08-15T01:09:07.839438+0500 | INFO | Возврат в главное меню пользователем: 8048607498
2025-08-15T01:09:16.226067+0500 | INFO | Отправлено стартовое сообщение пользователю: 8048607498
2025-08-15T01:09:31.850977+0500 | INFO | Открыт личный кабинет пользователем: 7728979357
2025-08-15T01:09:38.770628+0500 | INFO | Отправлено стартовое сообщение пользователю: 7728979357
2025-08-15T01:09:38.771666+0500 | INFO | Возврат в главное меню из личного кабинета пользователем: 8048607498
2025-08-15T01:09:41.938639+0500 | INFO | Пробный период недоступен
2025-08-15T01:09:48.832000+0500 | INFO | Отправлено стартовое сообщение пользователю: 7728979357
2025-08-15T01:09:48.842641+0500 | INFO | Возврат в главное меню из пробного периода: 8048607498
2025-08-15T01:09:54.457030+0500 | INFO | Открыт личный кабинет пользователем: 7728979357
2025-08-15T01:10:05.794326+0500 | INFO | Открыт личный кабинет пользователем: 7728979357
2025-08-15T01:10:10.835954+0500 | INFO | Текущее время: 2025-08-15 01:10:10
2025-08-15T01:10:10.842511+0500 | INFO | Выполняем запрос деактивации: 
                UPDATE user_subscription 
                SET is_active = 0 
                WHERE user_id = ? 
                AND is_active = 1 
                AND datetime(end_date) < datetime('now', 'localtime')
            
2025-08-15T01:10:19.844116+0500 | INFO | Отправлено стартовое сообщение пользователю: 8048607498
2025-08-15T01:10:21.384707+0500 | INFO | Пробный период недоступен
2025-08-15T01:10:29.297147+0500 | INFO | Отправлено стартовое сообщение пользователю: 8048607498
2025-08-15T01:10:32.893090+0500 | INFO | Открыта админ-панель пользователем: 8048607498
2025-08-15T01:11:06.704931+0500 | INFO | Возврат в админ-панель пользователем: 8048607498
2025-08-15T01:11:10.325840+0500 | INFO | Отправлено стартовое сообщение пользователю: 7728979357
2025-08-15T01:11:10.328950+0500 | INFO | Возврат в главное меню пользователем: 8048607498
2025-08-15T11:55:29.081230+0500 | INFO | Запуск бота...
2025-08-15T11:55:29.131503+0500 | INFO | База данных инициализирована
2025-08-15T11:55:29.694775+0500 | INFO | Crypto Pay API инициализирован
2025-08-15T11:55:29.749743+0500 | INFO | Бот запущен
2025-08-15T11:55:29.752597+0500 | INFO | Запуск планировщика подписок
2025-08-15T11:55:37.830242+0500 | INFO | Отправлено стартовое сообщение пользователю: 8048607498
2025-08-15T11:55:40.400559+0500 | INFO | Открыт личный кабинет пользователем: 7728979357
2025-08-15T11:55:51.629841+0500 | INFO | Отправлено стартовое сообщение пользователю: 7728979357
2025-08-15T11:55:51.635810+0500 | INFO | Возврат в главное меню из личного кабинета пользователем: 8048607498
2025-08-15T11:55:56.597033+0500 | INFO | Открыта админ-панель пользователем: 8048607498
2025-08-15T11:56:26.704008+0500 | INFO | Возврат в админ-панель пользователем: 8048607498
2025-08-15T11:56:32.783778+0500 | INFO | Отправлено стартовое сообщение пользователю: 7728979357
2025-08-15T11:56:32.790306+0500 | INFO | Возврат в главное меню пользователем: 8048607498
